0 info it worked if it ends with ok
1 verbose cli [ 'C:\\Program Files\\nodejs\\node.exe',
1 verbose cli   'C:\\Program Files\\nodejs\\node_modules\\npm\\bin\\npm-cli.js',
1 verbose cli   'start' ]
2 info using npm@3.10.9
3 info using node@v6.9.2
4 verbose run-script [ 'prestart', 'start', 'poststart' ]
5 info lifecycle react_redux_demo161019@1.0.0~prestart: react_redux_demo161019@1.0.0
6 silly lifecycle react_redux_demo161019@1.0.0~prestart: no script for prestart, continuing
7 info lifecycle react_redux_demo161019@1.0.0~start: react_redux_demo161019@1.0.0
8 verbose lifecycle react_redux_demo161019@1.0.0~start: unsafe-perm in lifecycle true
9 verbose lifecycle react_redux_demo161019@1.0.0~start: PATH: C:\nvm\v6.9.2\node_modules\npm\bin\node-gyp-bin;D:\生之园项目\我的\wyp\lx\fuxi\react\react_redux_demo\node_modules\.bin;C:\Users\Administrator\.windows-build-tools\python27\;C:\Users\Administrator\.windows-build-tools\python27\Scripts;C:\ProgramData\Oracle\Java\javapath;C:\Windows\system32;C:\Windows;C:\Windows\System32\Wbem;C:\Windows\System32\WindowsPowerShell\v1.0\;C:\Program Files (x86)\Yarn\bin;C:\Program Files\Microsoft SQL Server\130\Tools\Binn\;C:\Program Files\dotnet\;E:\Git\mingw64\libexec\git-core;C:\nvm;C:\Program Files\nodejs;C:\Program Files\nodejs;D:\phpStudy\php\php-5.6.27-nts;C:\Users\Administrator\AppData\Local\Yarn\.bin
10 verbose lifecycle react_redux_demo161019@1.0.0~start: CWD: D:\生之园项目\我的\wyp\lx\fuxi\react\react_redux_demo
11 silly lifecycle react_redux_demo161019@1.0.0~start: Args: [ '/d /s /c',
11 silly lifecycle   'webpack-dev-server --progress --colors --hot --inline --content-base ./dist' ]
12 verbose stack Error: kill ENOSYS
12 verbose stack     at exports._errnoException (util.js:1022:11)
12 verbose stack     at process.kill (internal/process.js:172:13)
12 verbose stack     at process.listener (C:\nvm\v6.9.2\node_modules\npm\node_modules\npmlog\node_modules\gauge\node_modules\signal-exit\index.js:86:15)
12 verbose stack     at emitNone (events.js:91:20)
12 verbose stack     at process.emit (events.js:185:7)
12 verbose stack     at processEmit (C:\nvm\v6.9.2\node_modules\npm\node_modules\npmlog\node_modules\gauge\node_modules\signal-exit\index.js:146:32)
12 verbose stack     at processEmit (C:\nvm\v6.9.2\node_modules\npm\node_modules\npm-registry-client\node_modules\npmlog\node_modules\gauge\node_modules\signal-exit\index.js:146:32)
12 verbose stack     at Signal.wrap.onsignal (internal/process.js:199:44)
13 verbose cwd D:\生之园项目\我的\wyp\lx\fuxi\react\react_redux_demo
14 error Windows_NT 6.1.7601
15 error argv "C:\\Program Files\\nodejs\\node.exe" "C:\\Program Files\\nodejs\\node_modules\\npm\\bin\\npm-cli.js" "start"
16 error node v6.9.2
17 error npm  v3.10.9
18 error code ENOSYS
19 error errno ENOSYS
20 error syscall kill
21 error kill ENOSYS
22 error If you need help, you may report this error at:
22 error     <https://github.com/npm/npm/issues>
23 verbose exit [ 1, true ]
